<?xml version="1.0" encoding="UTF-8"?>
<testsuite name="com.econoforge.simulator.simulation.SimulationEngineTest" tests="4" skipped="0" failures="0" errors="0" timestamp="2026-04-05T01:34:53.246Z" hostname="penguin" time="0.013">
  <properties/>
  <testcase name="restrictivePolicySlowsGdpAndRaisesUnemployment" classname="com.econoforge.simulator.simulation.SimulationEngineTest" time="0.006"/>
  <testcase name="expansionaryPolicyGrowsFasterThanBaseline" classname="com.econoforge.simulator.simulation.SimulationEngineTest" time="0.0"/>
  <testcase name="extremePoliciesRemainClampedAndBounded" classname="com.econoforge.simulator.simulation.SimulationEngineTest" time="0.0"/>
  <testcase name="neutralPolicyRemainsFiniteAndPositive" classname="com.econoforge.simulator.simulation.SimulationEngineTest" time="0.001"/>
  <system-out><![CDATA[]]></system-out>
  <system-err><![CDATA[]]></system-err>
</testsuite>
