<?xml version="1.0" encoding="UTF-8"?>
<testsuite name="com.econoforge.simulator.state.SimulatorViewModelTest" tests="2" skipped="0" failures="0" errors="0" timestamp="2026-04-05T01:34:53.270Z" hostname="penguin" time="0.153">
  <properties/>
  <testcase name="resetRestoresInitialStateAndSingleHistoryPoint" classname="com.econoforge.simulator.state.SimulatorViewModelTest" time="0.117"/>
  <testcase name="pauseStopsUpdatesAndSpeedChangesAffectCadence" classname="com.econoforge.simulator.state.SimulatorViewModelTest" time="0.036"/>
  <system-out><![CDATA[]]></system-out>
  <system-err><![CDATA[]]></system-err>
</testsuite>
